
===========================================================================
Model "XUANBI_1" exists. Name "XUANBI_1_1_2" used instead.
===========================================================================

===========================================================================
Model "ASM0001_AF0_ASM_3" exists. Name "ASM0001_AF0_ASM_3_1_2" used instead.
===========================================================================

===========================================================================
Model "DIANJI_2" exists. Name "DIANJI_2_1_2" used instead.
===========================================================================

===========================================================================
Model "GUDINGJIA_2" exists. Name "GUDINGJIA_2_1_2" used instead.
===========================================================================

===========================================================================
Model "01_ASM_39" exists. Name "01_ASM_39_1_2" used instead.
===========================================================================

===========================================================================
Model "ASM0001_AF1_ASM_3" exists. Name "ASM0001_AF1_ASM_3_1_2" used instead.
===========================================================================

===========================================================================
Model "ASM0001_AF2_ASM_3" exists. Name "ASM0001_AF2_ASM_3_1_2" used instead.
===========================================================================

===========================================================================
Model "ASM0001_AF3_ASM_3" exists. Name "ASM0001_AF3_ASM_3_1_2" used instead.
===========================================================================

===========================================================================
Model "ASM0001_AF4_ASM_3" exists. Name "ASM0001_AF4_ASM_3_1_2" used instead.
===========================================================================

===========================================================================
Model "ASM0001_AF5_ASM_3" exists. Name "ASM0001_AF5_ASM_3_1_2" used instead.
===========================================================================

===========================================================================
Model "PRT0006_8" exists. Name "PRT0006_8_1_2" used instead.
===========================================================================

===========================================================================
Model "ASM0003_ASM_10" exists. Name "ASM0003_ASM_10_1_2" used instead.
===========================================================================
